# JRE version: Java(TM) SE Runtime Environment (11.0.6+8) (build 11.0.6+8-LTS)
# Java VM: Java HotSpot(TM) 64-Bit Server VM (11.0.6+8-LTS, mixed mode, tiered, compressed oops, g1 gc, windows-amd64)
Heap:
 garbage-first heap   total 129024K, used 79494K [0x0000000082600000, 0x0000000100000000)
  region size 1024K, 68 young (69632K), 3 survivors (3072K)
 Metaspace       used 20470K, capacity 21013K, committed 21248K, reserved 1069056K
  class space    used 2295K, capacity 2520K, committed 2560K, reserved 1048576K
GC Heap History (10 events):
Event: 8.269 GC heap before
{Heap before GC invocations=1 (full 0):
 garbage-first heap   total 129024K, used 84869K [0x0000000082600000, 0x0000000100000000)
  region size 1024K, 75 young (76800K), 3 survivors (3072K)
 Metaspace       used 20180K, capacity 20740K, committed 20992K, reserved 1067008K
  class space    used 2287K, capacity 2517K, committed 2560K, reserved 1048576K
}
Event: 8.277 GC heap after
{Heap after GC invocations=2 (full 0):
 garbage-first heap   total 129024K, used 13312K [0x0000000082600000, 0x0000000100000000)
  region size 1024K, 5 young (5120K), 5 survivors (5120K)
 Metaspace       used 20180K, capacity 20740K, committed 20992K, reserved 1067008K
  class space    used 2287K, capacity 2517K, committed 2560K, reserved 1048576K
}
Event: 14.664 GC heap before
{Heap before GC invocations=2 (full 0):
 garbage-first heap   total 129024K, used 84992K [0x0000000082600000, 0x0000000100000000)
  region size 1024K, 75 young (76800K), 5 survivors (5120K)
 Metaspace       used 20399K, capacity 20943K, committed 20992K, reserved 1067008K
  class space    used 2293K, capacity 2518K, committed 2560K, reserved 1048576K
}
Event: 14.670 GC heap after
{Heap after GC invocations=3 (full 0):
 garbage-first heap   total 129024K, used 13386K [0x0000000082600000, 0x0000000100000000)
  region size 1024K, 6 young (6144K), 6 survivors (6144K)
 Metaspace       used 20399K, capacity 20943K, committed 20992K, reserved 1067008K
  class space    used 2293K, capacity 2518K, committed 2560K, reserved 1048576K
}
Event: 24.680 GC heap before
{Heap before GC invocations=3 (full 0):
 garbage-first heap   total 129024K, used 84042K [0x0000000082600000, 0x0000000100000000)
  region size 1024K, 75 young (76800K), 6 survivors (6144K)
 Metaspace       used 20449K, capacity 21013K, committed 21248K, reserved 1069056K
  class space    used 2295K, capacity 2520K, committed 2560K, reserved 1048576K
}
Event: 24.688 GC heap after
{Heap after GC invocations=4 (full 0):
 garbage-first heap   total 129024K, used 14285K [0x0000000082600000, 0x0000000100000000)
  region size 1024K, 6 young (6144K), 6 survivors (6144K)
 Metaspace       used 20449K, capacity 21013K, committed 21248K, reserved 1069056K
  class space    used 2295K, capacity 2520K, committed 2560K, reserved 1048576K
}
Event: 35.479 GC heap before
{Heap before GC invocations=4 (full 0):
 garbage-first heap   total 129024K, used 84941K [0x0000000082600000, 0x0000000100000000)
  region size 1024K, 75 young (76800K), 6 survivors (6144K)
 Metaspace       used 20453K, capacity 21013K, committed 21248K, reserved 1069056K
  class space    used 2295K, capacity 2520K, committed 2560K, reserved 1048576K
}
Event: 35.491 GC heap after
{Heap after GC invocations=5 (full 0):
 garbage-first heap   total 129024K, used 14084K [0x0000000082600000, 0x0000000100000000)
  region size 1024K, 3 young (3072K), 3 survivors (3072K)
 Metaspace       used 20453K, capacity 21013K, committed 21248K, reserved 1069056K
  class space    used 2295K, capacity 2520K, committed 2560K, reserved 1048576K
}
Event: 46.755 GC heap before
{Heap before GC invocations=5 (full 0):
 garbage-first heap   total 129024K, used 87812K [0x0000000082600000, 0x0000000100000000)
  region size 1024K, 75 young (76800K), 3 survivors (3072K)
 Metaspace       used 20454K, capacity 21013K, committed 21248K, reserved 1069056K
  class space    used 2295K, capacity 2520K, committed 2560K, reserved 1048576K
}
Event: 46.759 GC heap after
{Heap after GC invocations=6 (full 0):
 garbage-first heap   total 129024K, used 13958K [0x0000000082600000, 0x0000000100000000)
  region size 1024K, 3 young (3072K), 3 survivors (3072K)
 Metaspace       used 20454K, capacity 21013K, committed 21248K, reserved 1069056K
  class space    used 2295K, capacity 2520K, committed 2560K, reserved 1048576K
}

