# JRE version: Java(TM) SE Runtime Environment (11.0.6+8) (build 11.0.6+8-LTS)
# Java VM: Java HotSpot(TM) 64-Bit Server VM (11.0.6+8-LTS, mixed mode, tiered, compressed oops, g1 gc, windows-amd64)
Heap:
 garbage-first heap   total 129024K, used 54272K [0x0000000082600000, 0x0000000100000000)
  region size 1024K, 46 young (47104K), 5 survivors (5120K)
 Metaspace       used 20427K, capacity 20946K, committed 20992K, reserved 1067008K
  class space    used 2298K, capacity 2518K, committed 2560K, reserved 1048576K
GC Heap History (6 events):
Event: 1.065 GC heap before
{Heap before GC invocations=0 (full 0):
 garbage-first heap   total 129024K, used 32768K [0x0000000082600000, 0x0000000100000000)
  region size 1024K, 24 young (24576K), 0 survivors (0K)
 Metaspace       used 11649K, capacity 12024K, committed 12288K, reserved 1060864K
  class space    used 1297K, capacity 1444K, committed 1536K, reserved 1048576K
}
Event: 1.070 GC heap after
{Heap after GC invocations=1 (full 0):
 garbage-first heap   total 129024K, used 11039K [0x0000000082600000, 0x0000000100000000)
  region size 1024K, 3 young (3072K), 3 survivors (3072K)
 Metaspace       used 11649K, capacity 12024K, committed 12288K, reserved 1060864K
  class space    used 1297K, capacity 1444K, committed 1536K, reserved 1048576K
}
Event: 7.196 GC heap before
{Heap before GC invocations=1 (full 0):
 garbage-first heap   total 129024K, used 84767K [0x0000000082600000, 0x0000000100000000)
  region size 1024K, 75 young (76800K), 3 survivors (3072K)
 Metaspace       used 20139K, capacity 20680K, committed 20736K, reserved 1067008K
  class space    used 2298K, capacity 2518K, committed 2560K, reserved 1048576K
}
Event: 7.202 GC heap after
{Heap after GC invocations=2 (full 0):
 garbage-first heap   total 129024K, used 13122K [0x0000000082600000, 0x0000000100000000)
  region size 1024K, 5 young (5120K), 5 survivors (5120K)
 Metaspace       used 20139K, capacity 20680K, committed 20736K, reserved 1067008K
  class space    used 2298K, capacity 2518K, committed 2560K, reserved 1048576K
}
Event: 10.823 GC heap before
{Heap before GC invocations=2 (full 0):
 garbage-first heap   total 129024K, used 84802K [0x0000000082600000, 0x0000000100000000)
  region size 1024K, 75 young (76800K), 5 survivors (5120K)
 Metaspace       used 20387K, capacity 20941K, committed 20992K, reserved 1067008K
  class space    used 2298K, capacity 2518K, committed 2560K, reserved 1048576K
}
Event: 10.831 GC heap after
{Heap after GC invocations=3 (full 0):
 garbage-first heap   total 129024K, used 13312K [0x0000000082600000, 0x0000000100000000)
  region size 1024K, 5 young (5120K), 5 survivors (5120K)
 Metaspace       used 20387K, capacity 20941K, committed 20992K, reserved 1067008K
  class space    used 2298K, capacity 2518K, committed 2560K, reserved 1048576K
}

